2021/03/16 12:05:07 200
2021/03/16 12:05:09 200
2021/03/16 12:05:11 200
2021/03/16 12:05:12 200
2021/03/16 12:05:14 200
2021/03/16 12:05:16 200
2021/03/16 12:05:17 200
2021/03/16 12:05:19 200
2021/03/16 12:05:21 200
2021/03/16 12:07:10 200
2021/03/16 12:07:11 200
2021/03/16 12:07:13 200
2021/03/16 12:07:15 200
2021/03/16 12:27:25 полный улет <nil>
2021/03/16 12:27:40 Error 1045: Access denied for user 'postgres'@'localhost' (using password: YES)
2021/03/16 12:42:02 finish
2021/03/16 12:42:46 finish
2021/03/16 12:46:09 http://bsm.api.iql.ru/ords/bsm/segmentation/get_segmentation?p_limit=50&p_offset=0
2021/03/16 12:46:11 http://bsm.api.iql.ru/ords/bsm/segmentation/get_segmentation?p_limit=50&p_offset=50
2021/03/16 12:46:13 http://bsm.api.iql.ru/ords/bsm/segmentation/get_segmentation?p_limit=50&p_offset=100
2021/03/16 12:46:14 http://bsm.api.iql.ru/ords/bsm/segmentation/get_segmentation?p_limit=50&p_offset=150
2021/03/16 12:46:16 http://bsm.api.iql.ru/ords/bsm/segmentation/get_segmentation?p_limit=50&p_offset=200
2021/03/16 12:46:19 http://bsm.api.iql.ru/ords/bsm/segmentation/get_segmentation?p_limit=50&p_offset=250
2021/03/16 12:46:21 http://bsm.api.iql.ru/ords/bsm/segmentation/get_segmentation?p_limit=50&p_offset=300
2021/03/16 12:46:23 http://bsm.api.iql.ru/ords/bsm/segmentation/get_segmentation?p_limit=50&p_offset=350
2021/03/16 12:46:24 http://bsm.api.iql.ru/ords/bsm/segmentation/get_segmentation?p_limit=50&p_offset=400
